Exception in thread "AWT-EventQueue-0" java.lang.ArrayIndexOutOfBoundsException: Index -1 out of bounds for length 3
	at java.base/java.util.Vector.elementData(Vector.java:761)
	at java.base/java.util.Vector.elementAt(Vector.java:499)
	at java.desktop/javax.swing.table.DefaultTableModel.getValueAt(DefaultTableModel.java:660)
	at java.desktop/javax.swing.JTable.getValueAt(JTable.java:2706)
	at fr.irit.diamant.ivy.viewer.InterfaceEnvoiMessage.valueChanged(InterfaceEnvoiMessage.java:406)
	at java.desktop/javax.swing.DefaultListSelectionModel.fireValueChanged(DefaultListSelectionModel.java:219)
	at java.desktop/javax.swing.DefaultListSelectionModel.fireValueChanged(DefaultListSelectionModel.java:199)
	at java.desktop/javax.swing.DefaultListSelectionModel.fireValueChanged(DefaultListSelectionModel.java:246)
	at java.desktop/javax.swing.DefaultListSelectionModel.changeSelection(DefaultListSelectionModel.java:443)
	at java.desktop/javax.swing.DefaultListSelectionModel.changeSelection(DefaultListSelectionModel.java:453)
	at java.desktop/javax.swing.DefaultListSelectionModel.removeSelectionIntervalImpl(DefaultListSelectionModel.java:614)
	at java.desktop/javax.swing.DefaultListSelectionModel.clearSelection(DefaultListSelectionModel.java:458)
	at java.desktop/javax.swing.JTable.clearSelection(JTable.java:2124)
	at java.desktop/javax.swing.JTable.clearSelectionAndLeadAnchor(JTable.java:2132)
	at java.desktop/javax.swing.JTable.tableChanged(JTable.java:4375)
	at java.desktop/javax.swing.JTable.setModel(JTable.java:3693)
	at fr.irit.diamant.ivy.viewer.InterfaceEnvoiMessage.miseAJourTab(InterfaceEnvoiMessage.java:480)
	at fr.irit.diamant.ivy.viewer.InterfaceEnvoiMessage.envoiMessage(InterfaceEnvoiMessage.java:513)
	at fr.irit.diamant.ivy.viewer.InterfaceEnvoiMessage$8.actionPerformed(InterfaceEnvoiMessage.java:204)
	at java.desktop/javax.swing.AbstractButton.fireActionPerformed(AbstractButton.java:1967)
	at java.desktop/javax.swing.AbstractButton$Handler.actionPerformed(AbstractButton.java:2308)
	at java.desktop/javax.swing.DefaultButtonModel.fireActionPerformed(DefaultButtonModel.java:405)
	at java.desktop/javax.swing.DefaultButtonModel.setPressed(DefaultButtonModel.java:262)
	at java.desktop/javax.swing.plaf.basic.BasicButtonListener.mouseReleased(BasicButtonListener.java:279)
	at java.desktop/java.awt.Component.processMouseEvent(Component.java:6632)
	at java.desktop/javax.swing.JComponent.processMouseEvent(JComponent.java:3342)
	at java.desktop/java.awt.Component.processEvent(Component.java:6397)
	at java.desktop/java.awt.Container.processEvent(Container.java:2263)
	at java.desktop/java.awt.Component.dispatchEventImpl(Component.java:5008)
	at java.desktop/java.awt.Container.dispatchEventImpl(Container.java:2321)
	at java.desktop/java.awt.Component.dispatchEvent(Component.java:4840)
	at java.desktop/java.awt.LightweightDispatcher.retargetMouseEvent(Container.java:4918)
	at java.desktop/java.awt.LightweightDispatcher.processMouseEvent(Container.java:4547)
	at java.desktop/java.awt.LightweightDispatcher.dispatchEvent(Container.java:4488)
	at java.desktop/java.awt.Container.dispatchEventImpl(Container.java:2307)
	at java.desktop/java.awt.Window.dispatchEventImpl(Window.java:2772)
	at java.desktop/java.awt.Component.dispatchEvent(Component.java:4840)
	at java.desktop/java.awt.EventQueue.dispatchEventImpl(EventQueue.java:772)
	at java.desktop/java.awt.EventQueue$4.run(EventQueue.java:721)
	at java.desktop/java.awt.EventQueue$4.run(EventQueue.java:715)
	at java.base/java.security.AccessController.doPrivileged(Native Method)
	at java.base/java.security.ProtectionDomain$JavaSecurityAccessImpl.doIntersectionPrivilege(ProtectionDomain.java:85)
	at java.base/java.security.ProtectionDomain$JavaSecurityAccessImpl.doIntersectionPrivilege(ProtectionDomain.java:95)
	at java.desktop/java.awt.EventQueue$5.run(EventQueue.java:745)
	at java.desktop/java.awt.EventQueue$5.run(EventQueue.java:743)
	at java.base/java.security.AccessController.doPrivileged(Native Method)
	at java.base/java.security.ProtectionDomain$JavaSecurityAccessImpl.doIntersectionPrivilege(ProtectionDomain.java:85)
	at java.desktop/java.awt.EventQueue.dispatchEvent(EventQueue.java:742)
	at java.desktop/java.awt.EventDispatchThread.pumpOneEventForFilters(EventDispatchThread.java:203)
	at java.desktop/java.awt.EventDispatchThread.pumpEventsForFilter(EventDispatchThread.java:124)
	at java.desktop/java.awt.EventDispatchThread.pumpEventsForHierarchy(EventDispatchThread.java:113)
	at java.desktop/java.awt.EventDispatchThread.pumpEvents(EventDispatchThread.java:109)
	at java.desktop/java.awt.EventDispatchThread.pumpEvents(EventDispatchThread.java:101)
	at java.desktop/java.awt.EventDispatchThread.run(EventDispatchThread.java:90)
Exception in thread "AWT-EventQueue-0" java.lang.ArrayIndexOutOfBoundsException
Exception in thread "AWT-EventQueue-0" java.lang.ArrayIndexOutOfBoundsException
